<?xml version="1.0" encoding="UTF-8"?>
<testng-results skipped="0" failed="0" ignored="0" total="1" passed="1">
  <reporter-output>
  </reporter-output>
  <suite name="Default suite" duration-ms="26327" started-at="2017-09-03T10:55:41Z" finished-at="2017-09-03T10:56:08Z">
    <groups>
    </groups>
    <test name="Default test" duration-ms="26327" started-at="2017-09-03T10:55:41Z" finished-at="2017-09-03T10:56:08Z">
      <class name="com.test.automation.homepage.TC003_VerifyRegistration">
        <test-method status="PASS" signature="beforeClass()[pri:0, instance:com.test.automation.homepage.TC003_VerifyRegistration@dafa95]" name="beforeClass" is-config="true" duration-ms="13032" started-at="2017-09-03T16:25:41Z" finished-at="2017-09-03T16:25:54Z">
          <reporter-output>
          </reporter-output>
        </test-method> <!-- beforeClass -->
        <test-method status="PASS" signature="testLogin()[pri:0, instance:com.test.automation.homepage.TC003_VerifyRegistration@dafa95]" name="testLogin" duration-ms="13271" started-at="2017-09-03T16:25:54Z" finished-at="2017-09-03T16:26:08Z">
          <reporter-output>
          </reporter-output>
        </test-method> <!-- testLogin -->
        <test-method status="PASS" signature="afterClass()[pri:0, instance:com.test.automation.homepage.TC003_VerifyRegistration@dafa95]" name="afterClass" is-config="true" duration-ms="2" started-at="2017-09-03T16:26:08Z" finished-at="2017-09-03T16:26:08Z">
          <reporter-output>
          </reporter-output>
        </test-method> <!-- afterClass -->
      </class> <!-- com.test.automation.homepage.TC003_VerifyRegistration -->
    </test> <!-- Default test -->
  </suite> <!-- Default suite -->
</testng-results>
